Arguments: 
  /usr/local/bin/node /usr/local/bin/yarn add eslint -D

PATH: 
  /Library/Frameworks/Python.framework/Versions/3.7/bin:/usr/local/bin:/usr/bin:/bin:/usr/sbin:/sbin:/usr/local/go/bin:/usr/local/mysql/bin:/usr/local/mysql/support-files

Yarn version: 
  1.22.10

Node version: 
  10.16.0

Platform: 
  darwin x64

Trace: 
  Error: EACCES: permission denied, unlink '/Users/mengxing/Downloads/web/react/react-ts-app/node_modules/.yarn-integrity'

npm manifest: 
  {
  	"name": "react-ts-app",
  	"version": "1.0.0",
  	"description": "react+react-hooks+redux+typescript",
  	"main": "index.js",
  	"license": "MIT",
  	"keywords": [
  		"react-project",
  		"typescript-project"
  	],
  	"author": {
  		"name": "YaoJun"
  	},
  	"scripts": {},
  	"devDependencies": {
  		"prettier": "^2.2.1"
  	}
  }

yarn manifest: 
  No manifest

Lockfile: 
  # THIS IS AN AUTOGENERATED FILE. DO NOT EDIT THIS FILE DIRECTLY.
  # yarn lockfile v1
  
  
  prettier@^2.2.1:
    version "2.2.1"
    resolved "https://registry.npm.taobao.org/prettier/download/prettier-2.2.1.tgz?cache=0&sync_timestamp=1606521202472&other_urls=https%3A%2F%2Fregistry.npm.taobao.org%2Fprettier%2Fdownload%2Fprettier-2.2.1.tgz#795a1a78dd52f073da0cd42b21f9c91381923ff5"
    integrity sha1-eVoaeN1S8HPaDNQrIfnJE4GSP/U=
